# JRE version: OpenJDK Runtime Environment (8.0_202-b03) (build 1.8.0_202-release-1483-b03)
# Java VM: OpenJDK 64-Bit Server VM (25.202-b03 mixed mode windows-amd64 compressed oops)
Heap:
 PSYoungGen      total 34304K, used 16608K [0x00000000e0000000, 0x00000000e2880000, 0x0000000100000000)
  eden space 28160K, 58% used [0x00000000e0000000,0x00000000e10381f8,0x00000000e1b80000)
  from space 6144K, 0% used [0x00000000e1c00000,0x00000000e1c00000,0x00000000e2200000)
  to   space 6656K, 0% used [0x00000000e2200000,0x00000000e2200000,0x00000000e2880000)
 ParOldGen       total 33792K, used 10161K [0x00000000a0000000, 0x00000000a2100000, 0x00000000e0000000)
  object space 33792K, 30% used [0x00000000a0000000,0x00000000a09ec7a0,0x00000000a2100000)
 Metaspace       used 24182K, capacity 24578K, committed 24832K, reserved 1071104K
  class space    used 3367K, capacity 3514K, committed 3584K, reserved 1048576K
GC Heap History (10 events):
Event: 29.991 GC heap before
{Heap before GC invocations=6 (full 0):
 PSYoungGen      total 16896K, used 16880K [0x00000000e0000000, 0x00000000e2600000, 0x0000000100000000)
  eden space 14848K, 100% used [0x00000000e0000000,0x00000000e0e80000,0x00000000e0e80000)
  from space 2048K, 99% used [0x00000000e0e80000,0x00000000e107c010,0x00000000e1080000)
  to   space 4608K, 0% used [0x00000000e2180000,0x00000000e2180000,0x00000000e2600000)
 ParOldGen       total 38400K, used 5116K [0x00000000a0000000, 0x00000000a2580000, 0x00000000e0000000)
  object space 38400K, 13% used [0x00000000a0000000,0x00000000a04ff030,0x00000000a2580000)
 Metaspace       used 12568K, capacity 12850K, committed 13184K, reserved 1060864K
  class space    used 1713K, capacity 1825K, committed 1920K, reserved 1048576K
Event: 30.011 GC heap after
Heap after GC invocations=6 (full 0):
 PSYoungGen      total 34304K, used 3521K [0x00000000e0000000, 0x00000000e2600000, 0x0000000100000000)
  eden space 29696K, 0% used [0x00000000e0000000,0x00000000e0000000,0x00000000e1d00000)
  from space 4608K, 76% used [0x00000000e2180000,0x00000000e24f0550,0x00000000e2600000)
  to   space 4608K, 0% used [0x00000000e1d00000,0x00000000e1d00000,0x00000000e2180000)
 ParOldGen       total 38400K, used 5116K [0x00000000a0000000, 0x00000000a2580000, 0x00000000e0000000)
  object space 38400K, 13% used [0x00000000a0000000,0x00000000a04ff030,0x00000000a2580000)
 Metaspace       used 12568K, capacity 12850K, committed 13184K, reserved 1060864K
  class space    used 1713K, capacity 1825K, committed 1920K, reserved 1048576K
}
Event: 41.819 GC heap before
{Heap before GC invocations=7 (full 0):
 PSYoungGen      total 34304K, used 33217K [0x00000000e0000000, 0x00000000e2600000, 0x0000000100000000)
  eden space 29696K, 100% used [0x00000000e0000000,0x00000000e1d00000,0x00000000e1d00000)
  from space 4608K, 76% used [0x00000000e2180000,0x00000000e24f0550,0x00000000e2600000)
  to   space 4608K, 0% used [0x00000000e1d00000,0x00000000e1d00000,0x00000000e2180000)
 ParOldGen       total 38400K, used 5116K [0x00000000a0000000, 0x00000000a2580000, 0x00000000e0000000)
  object space 38400K, 13% used [0x00000000a0000000,0x00000000a04ff030,0x00000000a2580000)
 Metaspace       used 14951K, capacity 15272K, committed 15616K, reserved 1062912K
  class space    used 2116K, capacity 2254K, committed 2304K, reserved 1048576K
Event: 41.850 GC heap after
Heap after GC invocations=7 (full 0):
 PSYoungGen      total 33792K, used 4578K [0x00000000e0000000, 0x00000000e2780000, 0x0000000100000000)
  eden space 29184K, 0% used [0x00000000e0000000,0x00000000e0000000,0x00000000e1c80000)
  from space 4608K, 99% used [0x00000000e1d00000,0x00000000e2178b20,0x00000000e2180000)
  to   space 5632K, 0% used [0x00000000e2200000,0x00000000e2200000,0x00000000e2780000)
 ParOldGen       total 38400K, used 6451K [0x00000000a0000000, 0x00000000a2580000, 0x00000000e0000000)
  object space 38400K, 16% used [0x00000000a0000000,0x00000000a064cce8,0x00000000a2580000)
 Metaspace       used 14951K, capacity 15272K, committed 15616K, reserved 1062912K
  class space    used 2116K, capacity 2254K, committed 2304K, reserved 1048576K
}
Event: 48.415 GC heap before
{Heap before GC invocations=8 (full 0):
 PSYoungGen      total 33792K, used 33762K [0x00000000e0000000, 0x00000000e2780000, 0x0000000100000000)
  eden space 29184K, 100% used [0x00000000e0000000,0x00000000e1c80000,0x00000000e1c80000)
  from space 4608K, 99% used [0x00000000e1d00000,0x00000000e2178b20,0x00000000e2180000)
  to   space 5632K, 0% used [0x00000000e2200000,0x00000000e2200000,0x00000000e2780000)
 ParOldGen       total 38400K, used 6451K [0x00000000a0000000, 0x00000000a2580000, 0x00000000e0000000)
  object space 38400K, 16% used [0x00000000a0000000,0x00000000a064cce8,0x00000000a2580000)
 Metaspace       used 17641K, capacity 17994K, committed 18304K, reserved 1064960K
  class space    used 2554K, capacity 2671K, committed 2688K, reserved 1048576K
Event: 48.431 GC heap after
Heap after GC invocations=8 (full 0):
 PSYoungGen      total 34304K, used 5346K [0x00000000e0000000, 0x00000000e2800000, 0x0000000100000000)
  eden space 28672K, 0% used [0x00000000e0000000,0x00000000e0000000,0x00000000e1c00000)
  from space 5632K, 94% used [0x00000000e2200000,0x00000000e2738970,0x00000000e2780000)
  to   space 6144K, 0% used [0x00000000e1c00000,0x00000000e1c00000,0x00000000e2200000)
 ParOldGen       total 38400K, used 7059K [0x00000000a0000000, 0x00000000a2580000, 0x00000000e0000000)
  object space 38400K, 18% used [0x00000000a0000000,0x00000000a06e4d08,0x00000000a2580000)
 Metaspace       used 17641K, capacity 17994K, committed 18304K, reserved 1064960K
  class space    used 2554K, capacity 2671K, committed 2688K, reserved 1048576K
}
Event: 54.546 GC heap before
{Heap before GC invocations=9 (full 0):
 PSYoungGen      total 34304K, used 29339K [0x00000000e0000000, 0x00000000e2800000, 0x0000000100000000)
  eden space 28672K, 83% used [0x00000000e0000000,0x00000000e176e2d8,0x00000000e1c00000)
  from space 5632K, 94% used [0x00000000e2200000,0x00000000e2738970,0x00000000e2780000)
  to   space 6144K, 0% used [0x00000000e1c00000,0x00000000e1c00000,0x00000000e2200000)
 ParOldGen       total 38400K, used 7059K [0x00000000a0000000, 0x00000000a2580000, 0x00000000e0000000)
  object space 38400K, 18% used [0x00000000a0000000,0x00000000a06e4d08,0x00000000a2580000)
 Metaspace       used 20738K, capacity 21108K, committed 21248K, reserved 1067008K
  class space    used 2922K, capacity 3062K, committed 3072K, reserved 1048576K
Event: 54.596 GC heap after
Heap after GC invocations=9 (full 0):
 PSYoungGen      total 34304K, used 5289K [0x00000000e0000000, 0x00000000e2880000, 0x0000000100000000)
  eden space 28160K, 0% used [0x00000000e0000000,0x00000000e0000000,0x00000000e1b80000)
  from space 6144K, 86% used [0x00000000e1c00000,0x00000000e212a688,0x00000000e2200000)
  to   space 6656K, 0% used [0x00000000e2200000,0x00000000e2200000,0x00000000e2880000)
 ParOldGen       total 38400K, used 8003K [0x00000000a0000000, 0x00000000a2580000, 0x00000000e0000000)
  object space 38400K, 20% used [0x00000000a0000000,0x00000000a07d0d58,0x00000000a2580000)
 Metaspace       used 20738K, capacity 21108K, committed 21248K, reserved 1067008K
  class space    used 2922K, capacity 3062K, committed 3072K, reserved 1048576K
}
Event: 54.596 GC heap before
{Heap before GC invocations=10 (full 1):
 PSYoungGen      total 34304K, used 5289K [0x00000000e0000000, 0x00000000e2880000, 0x0000000100000000)
  eden space 28160K, 0% used [0x00000000e0000000,0x00000000e0000000,0x00000000e1b80000)
  from space 6144K, 86% used [0x00000000e1c00000,0x00000000e212a688,0x00000000e2200000)
  to   space 6656K, 0% used [0x00000000e2200000,0x00000000e2200000,0x00000000e2880000)
 ParOldGen       total 38400K, used 8003K [0x00000000a0000000, 0x00000000a2580000, 0x00000000e0000000)
  object space 38400K, 20% used [0x00000000a0000000,0x00000000a07d0d58,0x00000000a2580000)
 Metaspace       used 20738K, capacity 21108K, committed 21248K, reserved 1067008K
  class space    used 2922K, capacity 3062K, committed 3072K, reserved 1048576K
Event: 54.906 GC heap after
Heap after GC invocations=10 (full 1):
 PSYoungGen      total 34304K, used 0K [0x00000000e0000000, 0x00000000e2880000, 0x0000000100000000)
  eden space 28160K, 0% used [0x00000000e0000000,0x00000000e0000000,0x00000000e1b80000)
  from space 6144K, 0% used [0x00000000e1c00000,0x00000000e1c00000,0x00000000e2200000)
  to   space 6656K, 0% used [0x00000000e2200000,0x00000000e2200000,0x00000000e2880000)
 ParOldGen       total 33792K, used 10161K [0x00000000a0000000, 0x00000000a2100000, 0x00000000e0000000)
  object space 33792K, 30% used [0x00000000a0000000,0x00000000a09ec7a0,0x00000000a2100000)
 Metaspace       used 20738K, capacity 21108K, committed 21248K, reserved 1067008K
  class space    used 2922K, capacity 3062K, committed 3072K, reserved 1048576K
}

