# JRE version: OpenJDK Runtime Environment (8.0_202-b03) (build 1.8.0_202-release-1483-b03)
# Java VM: OpenJDK 64-Bit Server VM (25.202-b03 mixed mode windows-amd64 compressed oops)
Heap:
 PSYoungGen      total 82432K, used 52981K [0x00000000e0000000, 0x00000000e7100000, 0x0000000100000000)
  eden space 70656K, 74% used [0x00000000e0000000,0x00000000e33bd440,0x00000000e4500000)
  from space 11776K, 0% used [0x00000000e4500000,0x00000000e4500000,0x00000000e5080000)
  to   space 12288K, 0% used [0x00000000e6500000,0x00000000e6500000,0x00000000e7100000)
 ParOldGen       total 54784K, used 16072K [0x00000000a0000000, 0x00000000a3580000, 0x00000000e0000000)
  object space 54784K, 29% used [0x00000000a0000000,0x00000000a0fb23a8,0x00000000a3580000)
 Metaspace       used 41894K, capacity 42736K, committed 43096K, reserved 1087488K
  class space    used 5672K, capacity 5904K, committed 6016K, reserved 1048576K
GC Heap History (10 events):
Event: 24.962 GC heap before
{Heap before GC invocations=9 (full 1):
 PSYoungGen      total 62976K, used 56832K [0x00000000e0000000, 0x00000000e4980000, 0x0000000100000000)
  eden space 56832K, 100% used [0x00000000e0000000,0x00000000e3780000,0x00000000e3780000)
  from space 6144K, 0% used [0x00000000e3980000,0x00000000e3980000,0x00000000e3f80000)
  to   space 9216K, 0% used [0x00000000e4080000,0x00000000e4080000,0x00000000e4980000)
 ParOldGen       total 40448K, used 13655K [0x00000000a0000000, 0x00000000a2780000, 0x00000000e0000000)
  object space 40448K, 33% used [0x00000000a0000000,0x00000000a0d55c48,0x00000000a2780000)
 Metaspace       used 28140K, capacity 28578K, committed 29056K, reserved 1075200K
  class space    used 3775K, capacity 3942K, committed 3968K, reserved 1048576K
Event: 24.986 GC heap after
Heap after GC invocations=9 (full 1):
 PSYoungGen      total 65536K, used 6966K [0x00000000e0000000, 0x00000000e6400000, 0x0000000100000000)
  eden space 56320K, 0% used [0x00000000e0000000,0x00000000e0000000,0x00000000e3700000)
  from space 9216K, 75% used [0x00000000e4080000,0x00000000e474d9b8,0x00000000e4980000)
  to   space 9728K, 0% used [0x00000000e3700000,0x00000000e3700000,0x00000000e4080000)
 ParOldGen       total 40448K, used 13663K [0x00000000a0000000, 0x00000000a2780000, 0x00000000e0000000)
  object space 40448K, 33% used [0x00000000a0000000,0x00000000a0d57c48,0x00000000a2780000)
 Metaspace       used 28140K, capacity 28578K, committed 29056K, reserved 1075200K
  class space    used 3775K, capacity 3942K, committed 3968K, reserved 1048576K
}
Event: 28.119 GC heap before
{Heap before GC invocations=10 (full 1):
 PSYoungGen      total 65536K, used 63286K [0x00000000e0000000, 0x00000000e6400000, 0x0000000100000000)
  eden space 56320K, 100% used [0x00000000e0000000,0x00000000e3700000,0x00000000e3700000)
  from space 9216K, 75% used [0x00000000e4080000,0x00000000e474d9b8,0x00000000e4980000)
  to   space 9728K, 0% used [0x00000000e3700000,0x00000000e3700000,0x00000000e4080000)
 ParOldGen       total 40448K, used 13663K [0x00000000a0000000, 0x00000000a2780000, 0x00000000e0000000)
  object space 40448K, 33% used [0x00000000a0000000,0x00000000a0d57c48,0x00000000a2780000)
 Metaspace       used 31114K, capacity 31596K, committed 31872K, reserved 1077248K
  class space    used 4284K, capacity 4435K, committed 4480K, reserved 1048576K
Event: 28.150 GC heap after
Heap after GC invocations=10 (full 1):
 PSYoungGen      total 66048K, used 7620K [0x00000000e0000000, 0x00000000e5a80000, 0x0000000100000000)
  eden space 56320K, 0% used [0x00000000e0000000,0x00000000e0000000,0x00000000e3700000)
  from space 9728K, 78% used [0x00000000e3700000,0x00000000e3e711a8,0x00000000e4080000)
  to   space 10240K, 0% used [0x00000000e5080000,0x00000000e5080000,0x00000000e5a80000)
 ParOldGen       total 40448K, used 13671K [0x00000000a0000000, 0x00000000a2780000, 0x00000000e0000000)
  object space 40448K, 33% used [0x00000000a0000000,0x00000000a0d59c48,0x00000000a2780000)
 Metaspace       used 31114K, capacity 31596K, committed 31872K, reserved 1077248K
  class space    used 4284K, capacity 4435K, committed 4480K, reserved 1048576K
}
Event: 41.031 GC heap before
{Heap before GC invocations=11 (full 1):
 PSYoungGen      total 66048K, used 63940K [0x00000000e0000000, 0x00000000e5a80000, 0x0000000100000000)
  eden space 56320K, 100% used [0x00000000e0000000,0x00000000e3700000,0x00000000e3700000)
  from space 9728K, 78% used [0x00000000e3700000,0x00000000e3e711a8,0x00000000e4080000)
  to   space 10240K, 0% used [0x00000000e5080000,0x00000000e5080000,0x00000000e5a80000)
 ParOldGen       total 40448K, used 13671K [0x00000000a0000000, 0x00000000a2780000, 0x00000000e0000000)
  object space 40448K, 33% used [0x00000000a0000000,0x00000000a0d59c48,0x00000000a2780000)
 Metaspace       used 33924K, capacity 34448K, committed 34816K, reserved 1079296K
  class space    used 4667K, capacity 4819K, committed 4864K, reserved 1048576K
Event: 41.061 GC heap after
Heap after GC invocations=11 (full 1):
 PSYoungGen      total 80896K, used 10222K [0x00000000e0000000, 0x00000000e5c00000, 0x0000000100000000)
  eden space 70656K, 0% used [0x00000000e0000000,0x00000000e0000000,0x00000000e4500000)
  from space 10240K, 99% used [0x00000000e5080000,0x00000000e5a7b800,0x00000000e5a80000)
  to   space 11776K, 0% used [0x00000000e4500000,0x00000000e4500000,0x00000000e5080000)
 ParOldGen       total 40448K, used 13890K [0x00000000a0000000, 0x00000000a2780000, 0x00000000e0000000)
  object space 40448K, 34% used [0x00000000a0000000,0x00000000a0d90978,0x00000000a2780000)
 Metaspace       used 33924K, capacity 34448K, committed 34816K, reserved 1079296K
  class space    used 4667K, capacity 4819K, committed 4864K, reserved 1048576K
}
Event: 42.887 GC heap before
{Heap before GC invocations=12 (full 1):
 PSYoungGen      total 80896K, used 21563K [0x00000000e0000000, 0x00000000e5c00000, 0x0000000100000000)
  eden space 70656K, 16% used [0x00000000e0000000,0x00000000e0b13750,0x00000000e4500000)
  from space 10240K, 99% used [0x00000000e5080000,0x00000000e5a7b800,0x00000000e5a80000)
  to   space 11776K, 0% used [0x00000000e4500000,0x00000000e4500000,0x00000000e5080000)
 ParOldGen       total 40448K, used 13890K [0x00000000a0000000, 0x00000000a2780000, 0x00000000e0000000)
  object space 40448K, 34% used [0x00000000a0000000,0x00000000a0d90978,0x00000000a2780000)
 Metaspace       used 34594K, capacity 35172K, committed 35416K, reserved 1079296K
  class space    used 4759K, capacity 4933K, committed 4992K, reserved 1048576K
Event: 42.917 GC heap after
Heap after GC invocations=12 (full 1):
 PSYoungGen      total 82432K, used 9311K [0x00000000e0000000, 0x00000000e7100000, 0x0000000100000000)
  eden space 70656K, 0% used [0x00000000e0000000,0x00000000e0000000,0x00000000e4500000)
  from space 11776K, 79% used [0x00000000e4500000,0x00000000e4e17fc0,0x00000000e5080000)
  to   space 12288K, 0% used [0x00000000e6500000,0x00000000e6500000,0x00000000e7100000)
 ParOldGen       total 40448K, used 13898K [0x00000000a0000000, 0x00000000a2780000, 0x00000000e0000000)
  object space 40448K, 34% used [0x00000000a0000000,0x00000000a0d92978,0x00000000a2780000)
 Metaspace       used 34594K, capacity 35172K, committed 35416K, reserved 1079296K
  class space    used 4759K, capacity 4933K, committed 4992K, reserved 1048576K
}
Event: 42.917 GC heap before
{Heap before GC invocations=13 (full 2):
 PSYoungGen      total 82432K, used 9311K [0x00000000e0000000, 0x00000000e7100000, 0x0000000100000000)
  eden space 70656K, 0% used [0x00000000e0000000,0x00000000e0000000,0x00000000e4500000)
  from space 11776K, 79% used [0x00000000e4500000,0x00000000e4e17fc0,0x00000000e5080000)
  to   space 12288K, 0% used [0x00000000e6500000,0x00000000e6500000,0x00000000e7100000)
 ParOldGen       total 40448K, used 13898K [0x00000000a0000000, 0x00000000a2780000, 0x00000000e0000000)
  object space 40448K, 34% used [0x00000000a0000000,0x00000000a0d92978,0x00000000a2780000)
 Metaspace       used 34594K, capacity 35172K, committed 35416K, reserved 1079296K
  class space    used 4759K, capacity 4933K, committed 4992K, reserved 1048576K
Event: 43.188 GC heap after
Heap after GC invocations=13 (full 2):
 PSYoungGen      total 82432K, used 0K [0x00000000e0000000, 0x00000000e7100000, 0x0000000100000000)
  eden space 70656K, 0% used [0x00000000e0000000,0x00000000e0000000,0x00000000e4500000)
  from space 11776K, 0% used [0x00000000e4500000,0x00000000e4500000,0x00000000e5080000)
  to   space 12288K, 0% used [0x00000000e6500000,0x00000000e6500000,0x00000000e7100000)
 ParOldGen       total 54784K, used 16072K [0x00000000a0000000, 0x00000000a3580000, 0x00000000e0000000)
  object space 54784K, 29% used [0x00000000a0000000,0x00000000a0fb23a8,0x00000000a3580000)
 Metaspace       used 34594K, capacity 35172K, committed 35416K, reserved 1079296K
  class space    used 4759K, capacity 4933K, committed 4992K, reserved 1048576K
}

